2019-07-26 00:30:52,944 DEBUG:dd  RR.py 31  <module>() MainProcess 25008 MainThread 140717994078448
2019-07-26 00:30:52,947 DEBUG:dd  RR.py 31  <module>() MainProcess 25008 MainThread 140717994078448
2019-07-26 00:30:52,948 DEBUG:dd  RR.py 31  <module>() MainProcess 25008 MainThread 140717994078448
2019-07-26 00:36:31,266 DEBUG:dd  RR.py 32  <module>() MainProcess 26052 MainThread 139766549112368
2019-07-26 00:36:50,196 DEBUG:dd  RR.py 32  <module>() MainProcess 26063 MainThread 140621586227944
2019-07-26 00:36:56,608 DEBUG:dd  RR.py 32  <module>() MainProcess 26068 MainThread 139890859598736
2019-07-26 00:38:50,518 DEBUG:dd  RR.py 32  <module>() MainProcess 26263 MainThread 139919390608744
2019-07-26 00:39:00,525 DEBUG:dd  RR.py 32  <module>() MainProcess 26268 MainThread 140093774869392
2019-07-26 00:40:27,131 DEBUG:dd  RR.py 32  <module>() MainProcess 26388 MainThread 140684835749224
2019-07-26 00:41:25,606 DEBUG:dd  RR.py 32  <module>() MainProcess 26400 MainThread 139882233092640
2019-07-26 00:41:32,049 DEBUG:dd  RR.py 32  <module>() MainProcess 26409 MainThread 139986097137704
2019-07-26 00:41:32,050 INFO:loading app ryu.controller.ofp_handler app_manager.py 413  load_apps() MainProcess 26409 MainThread 139986097137704
2019-07-26 00:41:32,052 INFO:instantiating app RR.py of RinformanceRoute app_manager.py 488  _instantiate() MainProcess 26409 MainThread 139986097137704
2019-07-26 00:41:32,055 INFO:instantiating app ryu.controller.ofp_handler of OFPHandler app_manager.py 488  _instantiate() MainProcess 26409 MainThread 139986097137704
2019-07-26 00:41:32,057 DEBUG:BRICK RinformanceRoute app_manager.py 473  _report_brick() MainProcess 26409 MainThread 139986097137704
2019-07-26 00:41:32,058 DEBUG:  CONSUMES EventOFPEchoReply app_manager.py 477  _report_brick() MainProcess 26409 MainThread 139986097137704
2019-07-26 00:41:32,058 DEBUG:  CONSUMES EventOFPEchoRequest app_manager.py 477  _report_brick() MainProcess 26409 MainThread 139986097137704
2019-07-26 00:41:32,058 DEBUG:  CONSUMES EventOFPPacketIn app_manager.py 477  _report_brick() MainProcess 26409 MainThread 139986097137704
2019-07-26 00:41:32,059 DEBUG:  CONSUMES EventOFPPortDescStatsReply app_manager.py 477  _report_brick() MainProcess 26409 MainThread 139986097137704
2019-07-26 00:41:32,059 DEBUG:  CONSUMES EventOFPPortStatsReply app_manager.py 477  _report_brick() MainProcess 26409 MainThread 139986097137704
2019-07-26 00:41:32,059 DEBUG:  CONSUMES EventOFPPortStatus app_manager.py 477  _report_brick() MainProcess 26409 MainThread 139986097137704
2019-07-26 00:41:32,060 DEBUG:  CONSUMES EventOFPStateChange app_manager.py 477  _report_brick() MainProcess 26409 MainThread 139986097137704
2019-07-26 00:41:32,060 DEBUG:  CONSUMES EventOFPSwitchFeatures app_manager.py 477  _report_brick() MainProcess 26409 MainThread 139986097137704
2019-07-26 00:41:32,060 DEBUG:  CONSUMES EventOFPErrorMsg app_manager.py 477  _report_brick() MainProcess 26409 MainThread 139986097137704
2019-07-26 00:41:32,060 DEBUG:BRICK ofp_event app_manager.py 473  _report_brick() MainProcess 26409 MainThread 139986097137704
2019-07-26 00:41:32,061 DEBUG:  PROVIDES EventOFPEchoReply TO {'RinformanceRoute': {'handshake', 'config', 'main'}} app_manager.py 475  _report_brick() MainProcess 26409 MainThread 139986097137704
2019-07-26 00:41:32,061 DEBUG:  PROVIDES EventOFPEchoRequest TO {'RinformanceRoute': {'handshake', 'config', 'main'}} app_manager.py 475  _report_brick() MainProcess 26409 MainThread 139986097137704
2019-07-26 00:41:32,062 DEBUG:  PROVIDES EventOFPPacketIn TO {'RinformanceRoute': {'main'}} app_manager.py 475  _report_brick() MainProcess 26409 MainThread 139986097137704
2019-07-26 00:41:32,062 DEBUG:  PROVIDES EventOFPPortDescStatsReply TO {'RinformanceRoute': {'main'}} app_manager.py 475  _report_brick() MainProcess 26409 MainThread 139986097137704
2019-07-26 00:41:32,063 DEBUG:  PROVIDES EventOFPPortStatsReply TO {'RinformanceRoute': {'main'}} app_manager.py 475  _report_brick() MainProcess 26409 MainThread 139986097137704
2019-07-26 00:41:32,064 DEBUG:  PROVIDES EventOFPPortStatus TO {'RinformanceRoute': {'main'}} app_manager.py 475  _report_brick() MainProcess 26409 MainThread 139986097137704
2019-07-26 00:41:32,065 DEBUG:  PROVIDES EventOFPStateChange TO {'RinformanceRoute': {'dead', 'main'}} app_manager.py 475  _report_brick() MainProcess 26409 MainThread 139986097137704
2019-07-26 00:41:32,065 DEBUG:  PROVIDES EventOFPSwitchFeatures TO {'RinformanceRoute': {'config'}} app_manager.py 475  _report_brick() MainProcess 26409 MainThread 139986097137704
2019-07-26 00:41:32,065 DEBUG:  PROVIDES EventOFPErrorMsg TO {'RinformanceRoute': {'handshake', 'config', 'main'}} app_manager.py 475  _report_brick() MainProcess 26409 MainThread 139986097137704
2019-07-26 00:41:32,065 DEBUG:  CONSUMES EventOFPEchoReply app_manager.py 477  _report_brick() MainProcess 26409 MainThread 139986097137704
2019-07-26 00:41:32,065 DEBUG:  CONSUMES EventOFPEchoRequest app_manager.py 477  _report_brick() MainProcess 26409 MainThread 139986097137704
2019-07-26 00:41:32,066 DEBUG:  CONSUMES EventOFPErrorMsg app_manager.py 477  _report_brick() MainProcess 26409 MainThread 139986097137704
2019-07-26 00:41:32,066 DEBUG:  CONSUMES EventOFPHello app_manager.py 477  _report_brick() MainProcess 26409 MainThread 139986097137704
2019-07-26 00:41:32,066 DEBUG:  CONSUMES EventOFPPortDescStatsReply app_manager.py 477  _report_brick() MainProcess 26409 MainThread 139986097137704
2019-07-26 00:41:32,066 DEBUG:  CONSUMES EventOFPPortStatus app_manager.py 477  _report_brick() MainProcess 26409 MainThread 139986097137704
2019-07-26 00:41:32,066 DEBUG:  CONSUMES EventOFPSwitchFeatures app_manager.py 477  _report_brick() MainProcess 26409 MainThread 139986097137704
2019-07-26 00:41:32,112 DEBUG:connected socket:<eventlet.greenio.base.GreenSocket object at 0x7f5103727fd0> address:('127.0.0.1', 35658) controller.py 533  datapath_connection_factory() MainProcess 26409 GreenThread-1 139985927026056
2019-07-26 00:41:32,113 DEBUG:hello ev <ryu.controller.ofp_event.EventOFPHello object at 0x7f51037416a0> ofp_handler.py 73  hello_handler() MainProcess 26409 GreenThread-1 139985927026056
2019-07-26 00:41:32,113 DEBUG:move onto config mode ofp_handler.py 188  hello_handler() MainProcess 26409 GreenThread-1 139985927026056
2019-07-26 00:41:32,114 DEBUG:connected socket:<eventlet.greenio.base.GreenSocket object at 0x7f5103741208> address:('127.0.0.1', 35660) controller.py 533  datapath_connection_factory() MainProcess 26409 GreenThread-2 139985927026560
2019-07-26 00:41:32,114 DEBUG:hello ev <ryu.controller.ofp_event.EventOFPHello object at 0x7f5103741c50> ofp_handler.py 73  hello_handler() MainProcess 26409 GreenThread-2 139985927026560
2019-07-26 00:41:32,114 DEBUG:move onto config mode ofp_handler.py 188  hello_handler() MainProcess 26409 GreenThread-2 139985927026560
2019-07-26 00:41:32,116 DEBUG:EVENT ofp_event->RinformanceRoute EventOFPSwitchFeatures app_manager.py 314  send_event() MainProcess 26409 GreenThread-1 139985927026056
2019-07-26 00:41:32,116 DEBUG:switch features ev version=0x6,msg_type=0x6,msg_len=0x20,xid=0xe4da6e40,OFPSwitchFeatures(auxiliary_id=0,capabilities=591,datapath_id=1,n_buffers=0,n_tables=254) ofp_handler.py 199  switch_features_handler() MainProcess 26409 GreenThread-1 139985927026056
2019-07-26 00:41:32,117 DEBUG:EVENT ofp_event->RinformanceRoute EventOFPSwitchFeatures app_manager.py 314  send_event() MainProcess 26409 GreenThread-2 139985927026560
2019-07-26 00:41:32,118 DEBUG:switch features ev version=0x6,msg_type=0x6,msg_len=0x20,xid=0xe1de42fb,OFPSwitchFeatures(auxiliary_id=0,capabilities=591,datapath_id=2,n_buffers=0,n_tables=254) ofp_handler.py 199  switch_features_handler() MainProcess 26409 GreenThread-2 139985927026560
2019-07-26 00:41:32,119 DEBUG:move onto main mode ofp_handler.py 231  multipart_reply_handler() MainProcess 26409 GreenThread-2 139985927026560
2019-07-26 00:41:32,120 DEBUG:EVENT ofp_event->RinformanceRoute EventOFPStateChange app_manager.py 314  send_event() MainProcess 26409 GreenThread-2 139985927026560
2019-07-26 00:41:32,120 DEBUG:EVENT ofp_event->RinformanceRoute EventOFPPortDescStatsReply app_manager.py 314  send_event() MainProcess 26409 GreenThread-2 139985927026560
2019-07-26 00:41:32,121 DEBUG:move onto main mode ofp_handler.py 231  multipart_reply_handler() MainProcess 26409 GreenThread-1 139985927026056
2019-07-26 00:41:32,121 DEBUG:EVENT ofp_event->RinformanceRoute EventOFPStateChange app_manager.py 314  send_event() MainProcess 26409 GreenThread-1 139985927026056
2019-07-26 00:41:32,121 DEBUG:EVENT ofp_event->RinformanceRoute EventOFPPortDescStatsReply app_manager.py 314  send_event() MainProcess 26409 GreenThread-1 139985927026056
2019-07-26 00:41:33,069 DEBUG:EVENT ofp_event->RinformanceRoute EventOFPPortStatsReply app_manager.py 314  send_event() MainProcess 26409 GreenThread-1 139985927026056
2019-07-26 00:41:33,070 DEBUG:EVENT ofp_event->RinformanceRoute EventOFPPortDescStatsReply app_manager.py 314  send_event() MainProcess 26409 GreenThread-1 139985927026056
2019-07-26 00:41:33,072 DEBUG:EVENT ofp_event->RinformanceRoute EventOFPEchoReply app_manager.py 314  send_event() MainProcess 26409 GreenThread-1 139985927026056
2019-07-26 00:41:33,074 DEBUG:EVENT ofp_event->RinformanceRoute EventOFPPortStatsReply app_manager.py 314  send_event() MainProcess 26409 GreenThread-2 139985927026560
2019-07-26 00:41:33,075 DEBUG:EVENT ofp_event->RinformanceRoute EventOFPPortDescStatsReply app_manager.py 314  send_event() MainProcess 26409 GreenThread-2 139985927026560
2019-07-26 00:41:33,078 DEBUG:EVENT ofp_event->RinformanceRoute EventOFPEchoReply app_manager.py 314  send_event() MainProcess 26409 GreenThread-2 139985927026560
2019-07-26 00:41:34,072 DEBUG:EVENT ofp_event->RinformanceRoute EventOFPPortStatsReply app_manager.py 314  send_event() MainProcess 26409 GreenThread-1 139985927026056
2019-07-26 00:41:34,072 DEBUG:EVENT ofp_event->RinformanceRoute EventOFPPortDescStatsReply app_manager.py 314  send_event() MainProcess 26409 GreenThread-1 139985927026056
2019-07-26 00:41:34,072 DEBUG:EVENT ofp_event->RinformanceRoute EventOFPEchoReply app_manager.py 314  send_event() MainProcess 26409 GreenThread-1 139985927026056
2019-07-26 00:41:34,073 DEBUG:EVENT ofp_event->RinformanceRoute EventOFPPortStatsReply app_manager.py 314  send_event() MainProcess 26409 GreenThread-2 139985927026560
2019-07-26 00:41:34,073 DEBUG:EVENT ofp_event->RinformanceRoute EventOFPPortDescStatsReply app_manager.py 314  send_event() MainProcess 26409 GreenThread-2 139985927026560
2019-07-26 00:41:34,073 DEBUG:EVENT ofp_event->RinformanceRoute EventOFPEchoReply app_manager.py 314  send_event() MainProcess 26409 GreenThread-2 139985927026560
2019-07-26 00:41:35,072 DEBUG:EVENT ofp_event->RinformanceRoute EventOFPPortStatsReply app_manager.py 314  send_event() MainProcess 26409 GreenThread-1 139985927026056
2019-07-26 00:41:35,073 DEBUG:EVENT ofp_event->RinformanceRoute EventOFPPortDescStatsReply app_manager.py 314  send_event() MainProcess 26409 GreenThread-1 139985927026056
2019-07-26 00:41:35,073 DEBUG:EVENT ofp_event->RinformanceRoute EventOFPEchoReply app_manager.py 314  send_event() MainProcess 26409 GreenThread-1 139985927026056
2019-07-26 00:41:35,074 DEBUG:EVENT ofp_event->RinformanceRoute EventOFPPortStatsReply app_manager.py 314  send_event() MainProcess 26409 GreenThread-2 139985927026560
2019-07-26 00:41:35,074 DEBUG:EVENT ofp_event->RinformanceRoute EventOFPPortDescStatsReply app_manager.py 314  send_event() MainProcess 26409 GreenThread-2 139985927026560
2019-07-26 00:41:35,074 DEBUG:EVENT ofp_event->RinformanceRoute EventOFPEchoReply app_manager.py 314  send_event() MainProcess 26409 GreenThread-2 139985927026560
2019-07-26 00:41:36,074 DEBUG:EVENT ofp_event->RinformanceRoute EventOFPPortStatsReply app_manager.py 314  send_event() MainProcess 26409 GreenThread-1 139985927026056
2019-07-26 00:41:36,075 DEBUG:EVENT ofp_event->RinformanceRoute EventOFPPortDescStatsReply app_manager.py 314  send_event() MainProcess 26409 GreenThread-1 139985927026056
2019-07-26 00:41:36,075 DEBUG:EVENT ofp_event->RinformanceRoute EventOFPEchoReply app_manager.py 314  send_event() MainProcess 26409 GreenThread-1 139985927026056
2019-07-26 00:41:36,075 DEBUG:EVENT ofp_event->RinformanceRoute EventOFPPortStatsReply app_manager.py 314  send_event() MainProcess 26409 GreenThread-2 139985927026560
2019-07-26 00:41:36,076 DEBUG:EVENT ofp_event->RinformanceRoute EventOFPPortDescStatsReply app_manager.py 314  send_event() MainProcess 26409 GreenThread-2 139985927026560
2019-07-26 00:41:36,076 DEBUG:EVENT ofp_event->RinformanceRoute EventOFPEchoReply app_manager.py 314  send_event() MainProcess 26409 GreenThread-2 139985927026560
2019-07-26 00:41:36,373 DEBUG:Keyboard Interrupt received. Closing RYU application manager... manager.py 111  main() MainProcess 26409 MainThread 139986097137704
2019-07-26 00:41:45,253 DEBUG:dd  RR.py 32  <module>() MainProcess 26421 MainThread 139867001083608
2019-07-26 00:41:45,254 INFO:loading app ryu.controller.ofp_handler app_manager.py 413  load_apps() MainProcess 26421 MainThread 139867001083608
2019-07-26 00:41:45,256 INFO:instantiating app RR.py of RinformanceRoute app_manager.py 488  _instantiate() MainProcess 26421 MainThread 139867001083608
2019-07-26 00:41:45,256 INFO:instantiating app ryu.controller.ofp_handler of OFPHandler app_manager.py 488  _instantiate() MainProcess 26421 MainThread 139867001083608
2019-07-26 00:41:45,257 DEBUG:BRICK RinformanceRoute app_manager.py 473  _report_brick() MainProcess 26421 MainThread 139867001083608
2019-07-26 00:41:45,258 DEBUG:  CONSUMES EventOFPEchoReply app_manager.py 477  _report_brick() MainProcess 26421 MainThread 139867001083608
2019-07-26 00:41:45,258 DEBUG:  CONSUMES EventOFPEchoRequest app_manager.py 477  _report_brick() MainProcess 26421 MainThread 139867001083608
2019-07-26 00:41:45,258 DEBUG:  CONSUMES EventOFPPacketIn app_manager.py 477  _report_brick() MainProcess 26421 MainThread 139867001083608
2019-07-26 00:41:45,258 DEBUG:  CONSUMES EventOFPPortDescStatsReply app_manager.py 477  _report_brick() MainProcess 26421 MainThread 139867001083608
2019-07-26 00:41:45,258 DEBUG:  CONSUMES EventOFPPortStatsReply app_manager.py 477  _report_brick() MainProcess 26421 MainThread 139867001083608
2019-07-26 00:41:45,259 DEBUG:  CONSUMES EventOFPPortStatus app_manager.py 477  _report_brick() MainProcess 26421 MainThread 139867001083608
2019-07-26 00:41:45,259 DEBUG:  CONSUMES EventOFPStateChange app_manager.py 477  _report_brick() MainProcess 26421 MainThread 139867001083608
2019-07-26 00:41:45,260 DEBUG:  CONSUMES EventOFPSwitchFeatures app_manager.py 477  _report_brick() MainProcess 26421 MainThread 139867001083608
2019-07-26 00:41:45,261 DEBUG:  CONSUMES EventOFPErrorMsg app_manager.py 477  _report_brick() MainProcess 26421 MainThread 139867001083608
2019-07-26 00:41:45,261 DEBUG:BRICK ofp_event app_manager.py 473  _report_brick() MainProcess 26421 MainThread 139867001083608
2019-07-26 00:41:45,261 DEBUG:  PROVIDES EventOFPEchoReply TO {'RinformanceRoute': {'main', 'config', 'handshake'}} app_manager.py 475  _report_brick() MainProcess 26421 MainThread 139867001083608
2019-07-26 00:41:45,262 DEBUG:  PROVIDES EventOFPEchoRequest TO {'RinformanceRoute': {'main', 'config', 'handshake'}} app_manager.py 475  _report_brick() MainProcess 26421 MainThread 139867001083608
2019-07-26 00:41:45,262 DEBUG:  PROVIDES EventOFPPacketIn TO {'RinformanceRoute': {'main'}} app_manager.py 475  _report_brick() MainProcess 26421 MainThread 139867001083608
2019-07-26 00:41:45,262 DEBUG:  PROVIDES EventOFPPortDescStatsReply TO {'RinformanceRoute': {'main'}} app_manager.py 475  _report_brick() MainProcess 26421 MainThread 139867001083608
2019-07-26 00:41:45,262 DEBUG:  PROVIDES EventOFPPortStatsReply TO {'RinformanceRoute': {'main'}} app_manager.py 475  _report_brick() MainProcess 26421 MainThread 139867001083608
2019-07-26 00:41:45,262 DEBUG:  PROVIDES EventOFPPortStatus TO {'RinformanceRoute': {'main'}} app_manager.py 475  _report_brick() MainProcess 26421 MainThread 139867001083608
2019-07-26 00:41:45,263 DEBUG:  PROVIDES EventOFPStateChange TO {'RinformanceRoute': {'main', 'dead'}} app_manager.py 475  _report_brick() MainProcess 26421 MainThread 139867001083608
2019-07-26 00:41:45,263 DEBUG:  PROVIDES EventOFPSwitchFeatures TO {'RinformanceRoute': {'config'}} app_manager.py 475  _report_brick() MainProcess 26421 MainThread 139867001083608
2019-07-26 00:41:45,263 DEBUG:  PROVIDES EventOFPErrorMsg TO {'RinformanceRoute': {'main', 'config', 'handshake'}} app_manager.py 475  _report_brick() MainProcess 26421 MainThread 139867001083608
2019-07-26 00:41:45,263 DEBUG:  CONSUMES EventOFPEchoReply app_manager.py 477  _report_brick() MainProcess 26421 MainThread 139867001083608
2019-07-26 00:41:45,263 DEBUG:  CONSUMES EventOFPEchoRequest app_manager.py 477  _report_brick() MainProcess 26421 MainThread 139867001083608
2019-07-26 00:41:45,264 DEBUG:  CONSUMES EventOFPErrorMsg app_manager.py 477  _report_brick() MainProcess 26421 MainThread 139867001083608
2019-07-26 00:41:45,264 DEBUG:  CONSUMES EventOFPHello app_manager.py 477  _report_brick() MainProcess 26421 MainThread 139867001083608
2019-07-26 00:41:45,264 DEBUG:  CONSUMES EventOFPPortDescStatsReply app_manager.py 477  _report_brick() MainProcess 26421 MainThread 139867001083608
2019-07-26 00:41:45,264 DEBUG:  CONSUMES EventOFPPortStatus app_manager.py 477  _report_brick() MainProcess 26421 MainThread 139867001083608
2019-07-26 00:41:45,264 DEBUG:  CONSUMES EventOFPSwitchFeatures app_manager.py 477  _report_brick() MainProcess 26421 MainThread 139867001083608
2019-07-26 00:41:46,113 DEBUG:connected socket:<eventlet.greenio.base.GreenSocket object at 0x7f3548cc0eb8> address:('127.0.0.1', 35718) controller.py 533  datapath_connection_factory() MainProcess 26421 GreenThread-1 139866831423024
2019-07-26 00:41:46,113 DEBUG:hello ev <ryu.controller.ofp_event.EventOFPHello object at 0x7f3548cdf550> ofp_handler.py 73  hello_handler() MainProcess 26421 GreenThread-1 139866831423024
2019-07-26 00:41:46,114 DEBUG:move onto config mode ofp_handler.py 188  hello_handler() MainProcess 26421 GreenThread-1 139866831423024
2019-07-26 00:41:46,114 DEBUG:connected socket:<eventlet.greenio.base.GreenSocket object at 0x7f3548cdf0f0> address:('127.0.0.1', 35720) controller.py 533  datapath_connection_factory() MainProcess 26421 GreenThread-2 139866831423528
2019-07-26 00:41:46,114 DEBUG:hello ev <ryu.controller.ofp_event.EventOFPHello object at 0x7f3548cdfb00> ofp_handler.py 73  hello_handler() MainProcess 26421 GreenThread-2 139866831423528
2019-07-26 00:41:46,115 DEBUG:move onto config mode ofp_handler.py 188  hello_handler() MainProcess 26421 GreenThread-2 139866831423528
2019-07-26 00:41:46,116 DEBUG:EVENT ofp_event->RinformanceRoute EventOFPSwitchFeatures app_manager.py 314  send_event() MainProcess 26421 GreenThread-2 139866831423528
2019-07-26 00:41:46,116 DEBUG:switch features ev version=0x6,msg_type=0x6,msg_len=0x20,xid=0x189affa4,OFPSwitchFeatures(auxiliary_id=0,capabilities=591,datapath_id=2,n_buffers=0,n_tables=254) ofp_handler.py 199  switch_features_handler() MainProcess 26421 GreenThread-2 139866831423528
2019-07-26 00:41:46,117 DEBUG:EVENT ofp_event->RinformanceRoute EventOFPSwitchFeatures app_manager.py 314  send_event() MainProcess 26421 GreenThread-1 139866831423024
2019-07-26 00:41:46,117 DEBUG:switch features ev version=0x6,msg_type=0x6,msg_len=0x20,xid=0x87993ba2,OFPSwitchFeatures(auxiliary_id=0,capabilities=591,datapath_id=1,n_buffers=0,n_tables=254) ofp_handler.py 199  switch_features_handler() MainProcess 26421 GreenThread-1 139866831423024
2019-07-26 00:41:46,120 DEBUG:move onto main mode ofp_handler.py 231  multipart_reply_handler() MainProcess 26421 GreenThread-2 139866831423528
2019-07-26 00:41:46,120 DEBUG:EVENT ofp_event->RinformanceRoute EventOFPStateChange app_manager.py 314  send_event() MainProcess 26421 GreenThread-2 139866831423528
2019-07-26 00:41:46,120 DEBUG:EVENT ofp_event->RinformanceRoute EventOFPPortDescStatsReply app_manager.py 314  send_event() MainProcess 26421 GreenThread-2 139866831423528
2019-07-26 00:41:46,121 DEBUG:move onto main mode ofp_handler.py 231  multipart_reply_handler() MainProcess 26421 GreenThread-1 139866831423024
2019-07-26 00:41:46,121 DEBUG:EVENT ofp_event->RinformanceRoute EventOFPStateChange app_manager.py 314  send_event() MainProcess 26421 GreenThread-1 139866831423024
2019-07-26 00:41:46,121 DEBUG:EVENT ofp_event->RinformanceRoute EventOFPPortDescStatsReply app_manager.py 314  send_event() MainProcess 26421 GreenThread-1 139866831423024
2019-07-26 00:41:46,267 DEBUG:EVENT ofp_event->RinformanceRoute EventOFPPortStatsReply app_manager.py 314  send_event() MainProcess 26421 GreenThread-2 139866831423528
2019-07-26 00:41:46,267 DEBUG:EVENT ofp_event->RinformanceRoute EventOFPPortDescStatsReply app_manager.py 314  send_event() MainProcess 26421 GreenThread-2 139866831423528
2019-07-26 00:41:46,267 DEBUG:EVENT ofp_event->RinformanceRoute EventOFPEchoReply app_manager.py 314  send_event() MainProcess 26421 GreenThread-2 139866831423528
2019-07-26 00:41:46,268 DEBUG:EVENT ofp_event->RinformanceRoute EventOFPPortStatsReply app_manager.py 314  send_event() MainProcess 26421 GreenThread-1 139866831423024
2019-07-26 00:41:46,268 DEBUG:EVENT ofp_event->RinformanceRoute EventOFPPortDescStatsReply app_manager.py 314  send_event() MainProcess 26421 GreenThread-1 139866831423024
2019-07-26 00:41:46,268 DEBUG:EVENT ofp_event->RinformanceRoute EventOFPEchoReply app_manager.py 314  send_event() MainProcess 26421 GreenThread-1 139866831423024
2019-07-26 00:41:47,268 DEBUG:EVENT ofp_event->RinformanceRoute EventOFPPortStatsReply app_manager.py 314  send_event() MainProcess 26421 GreenThread-2 139866831423528
2019-07-26 00:41:47,269 DEBUG:EVENT ofp_event->RinformanceRoute EventOFPPortDescStatsReply app_manager.py 314  send_event() MainProcess 26421 GreenThread-2 139866831423528
2019-07-26 00:41:47,269 DEBUG:EVENT ofp_event->RinformanceRoute EventOFPEchoReply app_manager.py 314  send_event() MainProcess 26421 GreenThread-2 139866831423528
2019-07-26 00:41:47,269 DEBUG:EVENT ofp_event->RinformanceRoute EventOFPPortStatsReply app_manager.py 314  send_event() MainProcess 26421 GreenThread-1 139866831423024
2019-07-26 00:41:47,270 DEBUG:EVENT ofp_event->RinformanceRoute EventOFPPortDescStatsReply app_manager.py 314  send_event() MainProcess 26421 GreenThread-1 139866831423024
2019-07-26 00:41:47,270 DEBUG:EVENT ofp_event->RinformanceRoute EventOFPEchoReply app_manager.py 314  send_event() MainProcess 26421 GreenThread-1 139866831423024
2019-07-26 00:41:48,270 DEBUG:EVENT ofp_event->RinformanceRoute EventOFPPortStatsReply app_manager.py 314  send_event() MainProcess 26421 GreenThread-2 139866831423528
2019-07-26 00:41:48,270 DEBUG:EVENT ofp_event->RinformanceRoute EventOFPPortDescStatsReply app_manager.py 314  send_event() MainProcess 26421 GreenThread-2 139866831423528
2019-07-26 00:41:48,270 DEBUG:EVENT ofp_event->RinformanceRoute EventOFPEchoReply app_manager.py 314  send_event() MainProcess 26421 GreenThread-2 139866831423528
2019-07-26 00:41:48,272 DEBUG:EVENT ofp_event->RinformanceRoute EventOFPPortStatsReply app_manager.py 314  send_event() MainProcess 26421 GreenThread-1 139866831423024
2019-07-26 00:41:48,272 DEBUG:EVENT ofp_event->RinformanceRoute EventOFPPortDescStatsReply app_manager.py 314  send_event() MainProcess 26421 GreenThread-1 139866831423024
2019-07-26 00:41:48,272 DEBUG:EVENT ofp_event->RinformanceRoute EventOFPEchoReply app_manager.py 314  send_event() MainProcess 26421 GreenThread-1 139866831423024
2019-07-26 00:41:48,653 DEBUG:Keyboard Interrupt received. Closing RYU application manager... manager.py 111  main() MainProcess 26421 MainThread 139867001083608
2019-07-26 00:43:12,564 DEBUG:dd  RR.py 32  <module>() MainProcess 26448 MainThread 140023026341928
2019-07-26 00:43:12,565 INFO:loading app ryu.controller.ofp_handler app_manager.py 413  load_apps() MainProcess 26448 MainThread 140023026341928
2019-07-26 00:43:12,567 INFO:instantiating app RR.py of RinformanceRoute app_manager.py 488  _instantiate() MainProcess 26448 MainThread 140023026341928
2019-07-26 00:43:12,567 INFO:instantiating app ryu.controller.ofp_handler of OFPHandler app_manager.py 488  _instantiate() MainProcess 26448 MainThread 140023026341928
2019-07-26 00:43:12,568 DEBUG:BRICK RinformanceRoute app_manager.py 473  _report_brick() MainProcess 26448 MainThread 140023026341928
2019-07-26 00:43:12,568 DEBUG:  CONSUMES EventOFPEchoReply app_manager.py 477  _report_brick() MainProcess 26448 MainThread 140023026341928
2019-07-26 00:43:12,569 DEBUG:  CONSUMES EventOFPEchoRequest app_manager.py 477  _report_brick() MainProcess 26448 MainThread 140023026341928
2019-07-26 00:43:12,569 DEBUG:  CONSUMES EventOFPPacketIn app_manager.py 477  _report_brick() MainProcess 26448 MainThread 140023026341928
2019-07-26 00:43:12,569 DEBUG:  CONSUMES EventOFPPortDescStatsReply app_manager.py 477  _report_brick() MainProcess 26448 MainThread 140023026341928
2019-07-26 00:43:12,569 DEBUG:  CONSUMES EventOFPPortStatsReply app_manager.py 477  _report_brick() MainProcess 26448 MainThread 140023026341928
2019-07-26 00:43:12,569 DEBUG:  CONSUMES EventOFPPortStatus app_manager.py 477  _report_brick() MainProcess 26448 MainThread 140023026341928
2019-07-26 00:43:12,569 DEBUG:  CONSUMES EventOFPStateChange app_manager.py 477  _report_brick() MainProcess 26448 MainThread 140023026341928
2019-07-26 00:43:12,570 DEBUG:  CONSUMES EventOFPSwitchFeatures app_manager.py 477  _report_brick() MainProcess 26448 MainThread 140023026341928
2019-07-26 00:43:12,570 DEBUG:  CONSUMES EventOFPErrorMsg app_manager.py 477  _report_brick() MainProcess 26448 MainThread 140023026341928
2019-07-26 00:43:12,570 DEBUG:BRICK ofp_event app_manager.py 473  _report_brick() MainProcess 26448 MainThread 140023026341928
2019-07-26 00:43:12,570 DEBUG:  PROVIDES EventOFPEchoReply TO {'RinformanceRoute': {'config', 'main', 'handshake'}} app_manager.py 475  _report_brick() MainProcess 26448 MainThread 140023026341928
2019-07-26 00:43:12,570 DEBUG:  PROVIDES EventOFPEchoRequest TO {'RinformanceRoute': {'config', 'main', 'handshake'}} app_manager.py 475  _report_brick() MainProcess 26448 MainThread 140023026341928
2019-07-26 00:43:12,570 DEBUG:  PROVIDES EventOFPPacketIn TO {'RinformanceRoute': {'main'}} app_manager.py 475  _report_brick() MainProcess 26448 MainThread 140023026341928
2019-07-26 00:43:12,570 DEBUG:  PROVIDES EventOFPPortDescStatsReply TO {'RinformanceRoute': {'main'}} app_manager.py 475  _report_brick() MainProcess 26448 MainThread 140023026341928
2019-07-26 00:43:12,571 DEBUG:  PROVIDES EventOFPPortStatsReply TO {'RinformanceRoute': {'main'}} app_manager.py 475  _report_brick() MainProcess 26448 MainThread 140023026341928
2019-07-26 00:43:12,571 DEBUG:  PROVIDES EventOFPPortStatus TO {'RinformanceRoute': {'main'}} app_manager.py 475  _report_brick() MainProcess 26448 MainThread 140023026341928
2019-07-26 00:43:12,571 DEBUG:  PROVIDES EventOFPStateChange TO {'RinformanceRoute': {'dead', 'main'}} app_manager.py 475  _report_brick() MainProcess 26448 MainThread 140023026341928
2019-07-26 00:43:12,571 DEBUG:  PROVIDES EventOFPSwitchFeatures TO {'RinformanceRoute': {'config'}} app_manager.py 475  _report_brick() MainProcess 26448 MainThread 140023026341928
2019-07-26 00:43:12,571 DEBUG:  PROVIDES EventOFPErrorMsg TO {'RinformanceRoute': {'config', 'main', 'handshake'}} app_manager.py 475  _report_brick() MainProcess 26448 MainThread 140023026341928
2019-07-26 00:43:12,571 DEBUG:  CONSUMES EventOFPEchoReply app_manager.py 477  _report_brick() MainProcess 26448 MainThread 140023026341928
2019-07-26 00:43:12,572 DEBUG:  CONSUMES EventOFPEchoRequest app_manager.py 477  _report_brick() MainProcess 26448 MainThread 140023026341928
2019-07-26 00:43:12,572 DEBUG:  CONSUMES EventOFPErrorMsg app_manager.py 477  _report_brick() MainProcess 26448 MainThread 140023026341928
2019-07-26 00:43:12,572 DEBUG:  CONSUMES EventOFPHello app_manager.py 477  _report_brick() MainProcess 26448 MainThread 140023026341928
2019-07-26 00:43:12,572 DEBUG:  CONSUMES EventOFPPortDescStatsReply app_manager.py 477  _report_brick() MainProcess 26448 MainThread 140023026341928
2019-07-26 00:43:12,572 DEBUG:  CONSUMES EventOFPPortStatus app_manager.py 477  _report_brick() MainProcess 26448 MainThread 140023026341928
2019-07-26 00:43:12,573 DEBUG:  CONSUMES EventOFPSwitchFeatures app_manager.py 477  _report_brick() MainProcess 26448 MainThread 140023026341928
2019-07-26 00:43:13,112 DEBUG:connected socket:<eventlet.greenio.base.GreenSocket object at 0x7f599ca02f28> address:('127.0.0.1', 36170) controller.py 533  datapath_connection_factory() MainProcess 26448 GreenThread-1 140022856697056
2019-07-26 00:43:13,113 DEBUG:hello ev <ryu.controller.ofp_event.EventOFPHello object at 0x7f599ca295f8> ofp_handler.py 73  hello_handler() MainProcess 26448 GreenThread-1 140022856697056
2019-07-26 00:43:13,113 DEBUG:move onto config mode ofp_handler.py 188  hello_handler() MainProcess 26448 GreenThread-1 140022856697056
2019-07-26 00:43:13,114 DEBUG:connected socket:<eventlet.greenio.base.GreenSocket object at 0x7f599ca29198> address:('127.0.0.1', 36172) controller.py 533  datapath_connection_factory() MainProcess 26448 GreenThread-2 140022856697560
2019-07-26 00:43:13,118 DEBUG:hello ev <ryu.controller.ofp_event.EventOFPHello object at 0x7f599ca29ba8> ofp_handler.py 73  hello_handler() MainProcess 26448 GreenThread-2 140022856697560
2019-07-26 00:43:13,121 DEBUG:move onto config mode ofp_handler.py 188  hello_handler() MainProcess 26448 GreenThread-2 140022856697560
2019-07-26 00:43:13,123 DEBUG:EVENT ofp_event->RinformanceRoute EventOFPSwitchFeatures app_manager.py 314  send_event() MainProcess 26448 GreenThread-2 140022856697560
2019-07-26 00:43:13,123 DEBUG:switch features ev version=0x6,msg_type=0x6,msg_len=0x20,xid=0xaba061ee,OFPSwitchFeatures(auxiliary_id=0,capabilities=591,datapath_id=2,n_buffers=0,n_tables=254) ofp_handler.py 199  switch_features_handler() MainProcess 26448 GreenThread-2 140022856697560
2019-07-26 00:43:13,124 DEBUG:EVENT ofp_event->RinformanceRoute EventOFPSwitchFeatures app_manager.py 314  send_event() MainProcess 26448 GreenThread-1 140022856697056
2019-07-26 00:43:13,124 DEBUG:switch features ev version=0x6,msg_type=0x6,msg_len=0x20,xid=0xfba99987,OFPSwitchFeatures(auxiliary_id=0,capabilities=591,datapath_id=1,n_buffers=0,n_tables=254) ofp_handler.py 199  switch_features_handler() MainProcess 26448 GreenThread-1 140022856697056
2019-07-26 00:43:13,127 DEBUG:move onto main mode ofp_handler.py 231  multipart_reply_handler() MainProcess 26448 GreenThread-1 140022856697056
2019-07-26 00:43:13,127 DEBUG:EVENT ofp_event->RinformanceRoute EventOFPStateChange app_manager.py 314  send_event() MainProcess 26448 GreenThread-1 140022856697056
2019-07-26 00:43:13,128 DEBUG:EVENT ofp_event->RinformanceRoute EventOFPPortDescStatsReply app_manager.py 314  send_event() MainProcess 26448 GreenThread-1 140022856697056
2019-07-26 00:43:13,128 DEBUG:move onto main mode ofp_handler.py 231  multipart_reply_handler() MainProcess 26448 GreenThread-2 140022856697560
2019-07-26 00:43:13,129 DEBUG:EVENT ofp_event->RinformanceRoute EventOFPStateChange app_manager.py 314  send_event() MainProcess 26448 GreenThread-2 140022856697560
2019-07-26 00:43:13,129 DEBUG:EVENT ofp_event->RinformanceRoute EventOFPPortDescStatsReply app_manager.py 314  send_event() MainProcess 26448 GreenThread-2 140022856697560
2019-07-26 00:43:13,575 DEBUG:EVENT ofp_event->RinformanceRoute EventOFPPortStatsReply app_manager.py 314  send_event() MainProcess 26448 GreenThread-2 140022856697560
2019-07-26 00:43:13,575 DEBUG:EVENT ofp_event->RinformanceRoute EventOFPPortDescStatsReply app_manager.py 314  send_event() MainProcess 26448 GreenThread-2 140022856697560
2019-07-26 00:43:13,575 DEBUG:EVENT ofp_event->RinformanceRoute EventOFPEchoReply app_manager.py 314  send_event() MainProcess 26448 GreenThread-2 140022856697560
2019-07-26 00:43:13,576 DEBUG:EVENT ofp_event->RinformanceRoute EventOFPPortStatsReply app_manager.py 314  send_event() MainProcess 26448 GreenThread-1 140022856697056
2019-07-26 00:43:13,580 DEBUG:EVENT ofp_event->RinformanceRoute EventOFPPortDescStatsReply app_manager.py 314  send_event() MainProcess 26448 GreenThread-1 140022856697056
2019-07-26 00:43:13,580 DEBUG:EVENT ofp_event->RinformanceRoute EventOFPEchoReply app_manager.py 314  send_event() MainProcess 26448 GreenThread-1 140022856697056
2019-07-26 00:43:14,576 DEBUG:EVENT ofp_event->RinformanceRoute EventOFPPortStatsReply app_manager.py 314  send_event() MainProcess 26448 GreenThread-2 140022856697560
2019-07-26 00:43:14,577 DEBUG:EVENT ofp_event->RinformanceRoute EventOFPPortDescStatsReply app_manager.py 314  send_event() MainProcess 26448 GreenThread-2 140022856697560
2019-07-26 00:43:14,577 DEBUG:EVENT ofp_event->RinformanceRoute EventOFPEchoReply app_manager.py 314  send_event() MainProcess 26448 GreenThread-2 140022856697560
2019-07-26 00:43:14,577 DEBUG:EVENT ofp_event->RinformanceRoute EventOFPPortStatsReply app_manager.py 314  send_event() MainProcess 26448 GreenThread-1 140022856697056
2019-07-26 00:43:14,577 DEBUG:EVENT ofp_event->RinformanceRoute EventOFPPortDescStatsReply app_manager.py 314  send_event() MainProcess 26448 GreenThread-1 140022856697056
2019-07-26 00:43:14,578 DEBUG:EVENT ofp_event->RinformanceRoute EventOFPEchoReply app_manager.py 314  send_event() MainProcess 26448 GreenThread-1 140022856697056
2019-07-26 00:43:15,578 DEBUG:EVENT ofp_event->RinformanceRoute EventOFPPortStatsReply app_manager.py 314  send_event() MainProcess 26448 GreenThread-2 140022856697560
2019-07-26 00:43:15,578 DEBUG:EVENT ofp_event->RinformanceRoute EventOFPPortDescStatsReply app_manager.py 314  send_event() MainProcess 26448 GreenThread-2 140022856697560
2019-07-26 00:43:15,578 DEBUG:EVENT ofp_event->RinformanceRoute EventOFPEchoReply app_manager.py 314  send_event() MainProcess 26448 GreenThread-2 140022856697560
2019-07-26 00:43:15,579 DEBUG:EVENT ofp_event->RinformanceRoute EventOFPPortStatsReply app_manager.py 314  send_event() MainProcess 26448 GreenThread-1 140022856697056
2019-07-26 00:43:15,579 DEBUG:EVENT ofp_event->RinformanceRoute EventOFPPortDescStatsReply app_manager.py 314  send_event() MainProcess 26448 GreenThread-1 140022856697056
2019-07-26 00:43:15,580 DEBUG:EVENT ofp_event->RinformanceRoute EventOFPEchoReply app_manager.py 314  send_event() MainProcess 26448 GreenThread-1 140022856697056
2019-07-26 00:43:16,579 DEBUG:EVENT ofp_event->RinformanceRoute EventOFPPortStatsReply app_manager.py 314  send_event() MainProcess 26448 GreenThread-2 140022856697560
2019-07-26 00:43:16,579 DEBUG:EVENT ofp_event->RinformanceRoute EventOFPPortDescStatsReply app_manager.py 314  send_event() MainProcess 26448 GreenThread-2 140022856697560
2019-07-26 00:43:16,580 DEBUG:EVENT ofp_event->RinformanceRoute EventOFPEchoReply app_manager.py 314  send_event() MainProcess 26448 GreenThread-2 140022856697560
2019-07-26 00:43:16,580 DEBUG:EVENT ofp_event->RinformanceRoute EventOFPPortStatsReply app_manager.py 314  send_event() MainProcess 26448 GreenThread-1 140022856697056
2019-07-26 00:43:16,581 DEBUG:EVENT ofp_event->RinformanceRoute EventOFPPortDescStatsReply app_manager.py 314  send_event() MainProcess 26448 GreenThread-1 140022856697056
2019-07-26 00:43:16,581 DEBUG:EVENT ofp_event->RinformanceRoute EventOFPEchoReply app_manager.py 314  send_event() MainProcess 26448 GreenThread-1 140022856697056
2019-07-26 00:43:17,173 DEBUG:Keyboard Interrupt received. Closing RYU application manager... manager.py 111  main() MainProcess 26448 MainThread 140023026341928
2019-07-26 00:43:21,339 DEBUG:dd  RR.py 32  <module>() MainProcess 26459 MainThread 140474111561400
2019-07-26 00:43:21,340 INFO:loading app ryu.controller.ofp_handler app_manager.py 413  load_apps() MainProcess 26459 MainThread 140474111561400
2019-07-26 00:43:21,342 INFO:instantiating app RR.py of RinformanceRoute app_manager.py 488  _instantiate() MainProcess 26459 MainThread 140474111561400
2019-07-26 00:43:21,342 INFO:instantiating app ryu.controller.ofp_handler of OFPHandler app_manager.py 488  _instantiate() MainProcess 26459 MainThread 140474111561400
2019-07-26 00:43:21,343 DEBUG:BRICK RinformanceRoute app_manager.py 473  _report_brick() MainProcess 26459 MainThread 140474111561400
2019-07-26 00:43:21,344 DEBUG:  CONSUMES EventOFPEchoReply app_manager.py 477  _report_brick() MainProcess 26459 MainThread 140474111561400
2019-07-26 00:43:21,344 DEBUG:  CONSUMES EventOFPEchoRequest app_manager.py 477  _report_brick() MainProcess 26459 MainThread 140474111561400
2019-07-26 00:43:21,344 DEBUG:  CONSUMES EventOFPPacketIn app_manager.py 477  _report_brick() MainProcess 26459 MainThread 140474111561400
2019-07-26 00:43:21,344 DEBUG:  CONSUMES EventOFPPortDescStatsReply app_manager.py 477  _report_brick() MainProcess 26459 MainThread 140474111561400
2019-07-26 00:43:21,344 DEBUG:  CONSUMES EventOFPPortStatsReply app_manager.py 477  _report_brick() MainProcess 26459 MainThread 140474111561400
2019-07-26 00:43:21,344 DEBUG:  CONSUMES EventOFPPortStatus app_manager.py 477  _report_brick() MainProcess 26459 MainThread 140474111561400
2019-07-26 00:43:21,345 DEBUG:  CONSUMES EventOFPStateChange app_manager.py 477  _report_brick() MainProcess 26459 MainThread 140474111561400
2019-07-26 00:43:21,345 DEBUG:  CONSUMES EventOFPSwitchFeatures app_manager.py 477  _report_brick() MainProcess 26459 MainThread 140474111561400
2019-07-26 00:43:21,345 DEBUG:  CONSUMES EventOFPErrorMsg app_manager.py 477  _report_brick() MainProcess 26459 MainThread 140474111561400
2019-07-26 00:43:21,345 DEBUG:BRICK ofp_event app_manager.py 473  _report_brick() MainProcess 26459 MainThread 140474111561400
2019-07-26 00:43:21,345 DEBUG:  PROVIDES EventOFPEchoReply TO {'RinformanceRoute': {'config', 'main', 'handshake'}} app_manager.py 475  _report_brick() MainProcess 26459 MainThread 140474111561400
2019-07-26 00:43:21,345 DEBUG:  PROVIDES EventOFPEchoRequest TO {'RinformanceRoute': {'config', 'main', 'handshake'}} app_manager.py 475  _report_brick() MainProcess 26459 MainThread 140474111561400
2019-07-26 00:43:21,346 DEBUG:  PROVIDES EventOFPPacketIn TO {'RinformanceRoute': {'main'}} app_manager.py 475  _report_brick() MainProcess 26459 MainThread 140474111561400
2019-07-26 00:43:21,346 DEBUG:  PROVIDES EventOFPPortDescStatsReply TO {'RinformanceRoute': {'main'}} app_manager.py 475  _report_brick() MainProcess 26459 MainThread 140474111561400
2019-07-26 00:43:21,346 DEBUG:  PROVIDES EventOFPPortStatsReply TO {'RinformanceRoute': {'main'}} app_manager.py 475  _report_brick() MainProcess 26459 MainThread 140474111561400
2019-07-26 00:43:21,346 DEBUG:  PROVIDES EventOFPPortStatus TO {'RinformanceRoute': {'main'}} app_manager.py 475  _report_brick() MainProcess 26459 MainThread 140474111561400
2019-07-26 00:43:21,346 DEBUG:  PROVIDES EventOFPStateChange TO {'RinformanceRoute': {'main', 'dead'}} app_manager.py 475  _report_brick() MainProcess 26459 MainThread 140474111561400
2019-07-26 00:43:21,346 DEBUG:  PROVIDES EventOFPSwitchFeatures TO {'RinformanceRoute': {'config'}} app_manager.py 475  _report_brick() MainProcess 26459 MainThread 140474111561400
2019-07-26 00:43:21,347 DEBUG:  PROVIDES EventOFPErrorMsg TO {'RinformanceRoute': {'config', 'main', 'handshake'}} app_manager.py 475  _report_brick() MainProcess 26459 MainThread 140474111561400
2019-07-26 00:43:21,347 DEBUG:  CONSUMES EventOFPEchoReply app_manager.py 477  _report_brick() MainProcess 26459 MainThread 140474111561400
2019-07-26 00:43:21,347 DEBUG:  CONSUMES EventOFPEchoRequest app_manager.py 477  _report_brick() MainProcess 26459 MainThread 140474111561400
2019-07-26 00:43:21,347 DEBUG:  CONSUMES EventOFPErrorMsg app_manager.py 477  _report_brick() MainProcess 26459 MainThread 140474111561400
2019-07-26 00:43:21,347 DEBUG:  CONSUMES EventOFPHello app_manager.py 477  _report_brick() MainProcess 26459 MainThread 140474111561400
2019-07-26 00:43:21,347 DEBUG:  CONSUMES EventOFPPortDescStatsReply app_manager.py 477  _report_brick() MainProcess 26459 MainThread 140474111561400
2019-07-26 00:43:21,347 DEBUG:  CONSUMES EventOFPPortStatus app_manager.py 477  _report_brick() MainProcess 26459 MainThread 140474111561400
2019-07-26 00:43:21,348 DEBUG:  CONSUMES EventOFPSwitchFeatures app_manager.py 477  _report_brick() MainProcess 26459 MainThread 140474111561400
2019-07-26 00:43:22,113 DEBUG:connected socket:<eventlet.greenio.base.GreenSocket object at 0x7fc2a3639e48> address:('127.0.0.1', 36208) controller.py 533  datapath_connection_factory() MainProcess 26459 GreenThread-1 140473941734624
2019-07-26 00:43:22,114 DEBUG:hello ev <ryu.controller.ofp_event.EventOFPHello object at 0x7fc2a365d518> ofp_handler.py 73  hello_handler() MainProcess 26459 GreenThread-1 140473941734624
2019-07-26 00:43:22,114 DEBUG:move onto config mode ofp_handler.py 188  hello_handler() MainProcess 26459 GreenThread-1 140473941734624
2019-07-26 00:43:22,114 DEBUG:connected socket:<eventlet.greenio.base.GreenSocket object at 0x7fc2a365d0b8> address:('127.0.0.1', 36210) controller.py 533  datapath_connection_factory() MainProcess 26459 GreenThread-2 140473941735128
2019-07-26 00:43:22,115 DEBUG:hello ev <ryu.controller.ofp_event.EventOFPHello object at 0x7fc2a365dac8> ofp_handler.py 73  hello_handler() MainProcess 26459 GreenThread-2 140473941735128
2019-07-26 00:43:22,115 DEBUG:move onto config mode ofp_handler.py 188  hello_handler() MainProcess 26459 GreenThread-2 140473941735128
2019-07-26 00:43:22,117 DEBUG:EVENT ofp_event->RinformanceRoute EventOFPSwitchFeatures app_manager.py 314  send_event() MainProcess 26459 GreenThread-2 140473941735128
2019-07-26 00:43:22,118 DEBUG:switch features ev version=0x6,msg_type=0x6,msg_len=0x20,xid=0x8ec08b99,OFPSwitchFeatures(auxiliary_id=0,capabilities=591,datapath_id=2,n_buffers=0,n_tables=254) ofp_handler.py 199  switch_features_handler() MainProcess 26459 GreenThread-2 140473941735128
2019-07-26 00:43:22,119 DEBUG:EVENT ofp_event->RinformanceRoute EventOFPSwitchFeatures app_manager.py 314  send_event() MainProcess 26459 GreenThread-1 140473941734624
2019-07-26 00:43:22,119 DEBUG:switch features ev version=0x6,msg_type=0x6,msg_len=0x20,xid=0xb6c37e95,OFPSwitchFeatures(auxiliary_id=0,capabilities=591,datapath_id=1,n_buffers=0,n_tables=254) ofp_handler.py 199  switch_features_handler() MainProcess 26459 GreenThread-1 140473941734624
2019-07-26 00:43:22,122 DEBUG:move onto main mode ofp_handler.py 231  multipart_reply_handler() MainProcess 26459 GreenThread-1 140473941734624
2019-07-26 00:43:22,122 DEBUG:EVENT ofp_event->RinformanceRoute EventOFPStateChange app_manager.py 314  send_event() MainProcess 26459 GreenThread-1 140473941734624
2019-07-26 00:43:22,122 DEBUG:EVENT ofp_event->RinformanceRoute EventOFPPortDescStatsReply app_manager.py 314  send_event() MainProcess 26459 GreenThread-1 140473941734624
2019-07-26 00:43:22,123 DEBUG:move onto main mode ofp_handler.py 231  multipart_reply_handler() MainProcess 26459 GreenThread-2 140473941735128
2019-07-26 00:43:22,123 DEBUG:EVENT ofp_event->RinformanceRoute EventOFPStateChange app_manager.py 314  send_event() MainProcess 26459 GreenThread-2 140473941735128
2019-07-26 00:43:22,123 DEBUG:EVENT ofp_event->RinformanceRoute EventOFPPortDescStatsReply app_manager.py 314  send_event() MainProcess 26459 GreenThread-2 140473941735128
2019-07-26 00:43:22,350 DEBUG:EVENT ofp_event->RinformanceRoute EventOFPPortStatsReply app_manager.py 314  send_event() MainProcess 26459 GreenThread-2 140473941735128
2019-07-26 00:43:22,351 DEBUG:EVENT ofp_event->RinformanceRoute EventOFPPortDescStatsReply app_manager.py 314  send_event() MainProcess 26459 GreenThread-2 140473941735128
2019-07-26 00:43:22,351 DEBUG:EVENT ofp_event->RinformanceRoute EventOFPEchoReply app_manager.py 314  send_event() MainProcess 26459 GreenThread-2 140473941735128
2019-07-26 00:43:22,352 DEBUG:EVENT ofp_event->RinformanceRoute EventOFPPortStatsReply app_manager.py 314  send_event() MainProcess 26459 GreenThread-1 140473941734624
2019-07-26 00:43:22,352 DEBUG:EVENT ofp_event->RinformanceRoute EventOFPPortDescStatsReply app_manager.py 314  send_event() MainProcess 26459 GreenThread-1 140473941734624
2019-07-26 00:43:22,352 DEBUG:EVENT ofp_event->RinformanceRoute EventOFPEchoReply app_manager.py 314  send_event() MainProcess 26459 GreenThread-1 140473941734624
2019-07-26 00:43:23,352 DEBUG:EVENT ofp_event->RinformanceRoute EventOFPPortStatsReply app_manager.py 314  send_event() MainProcess 26459 GreenThread-2 140473941735128
2019-07-26 00:43:23,353 DEBUG:EVENT ofp_event->RinformanceRoute EventOFPPortDescStatsReply app_manager.py 314  send_event() MainProcess 26459 GreenThread-2 140473941735128
2019-07-26 00:43:23,353 DEBUG:EVENT ofp_event->RinformanceRoute EventOFPEchoReply app_manager.py 314  send_event() MainProcess 26459 GreenThread-2 140473941735128
2019-07-26 00:43:23,354 DEBUG:EVENT ofp_event->RinformanceRoute EventOFPPortStatsReply app_manager.py 314  send_event() MainProcess 26459 GreenThread-1 140473941734624
2019-07-26 00:43:23,354 DEBUG:EVENT ofp_event->RinformanceRoute EventOFPPortDescStatsReply app_manager.py 314  send_event() MainProcess 26459 GreenThread-1 140473941734624
2019-07-26 00:43:23,354 DEBUG:EVENT ofp_event->RinformanceRoute EventOFPEchoReply app_manager.py 314  send_event() MainProcess 26459 GreenThread-1 140473941734624
2019-07-26 00:43:24,354 DEBUG:EVENT ofp_event->RinformanceRoute EventOFPPortStatsReply app_manager.py 314  send_event() MainProcess 26459 GreenThread-2 140473941735128
2019-07-26 00:43:24,354 DEBUG:EVENT ofp_event->RinformanceRoute EventOFPPortDescStatsReply app_manager.py 314  send_event() MainProcess 26459 GreenThread-2 140473941735128
2019-07-26 00:43:24,354 DEBUG:EVENT ofp_event->RinformanceRoute EventOFPEchoReply app_manager.py 314  send_event() MainProcess 26459 GreenThread-2 140473941735128
2019-07-26 00:43:24,355 DEBUG:EVENT ofp_event->RinformanceRoute EventOFPPortStatsReply app_manager.py 314  send_event() MainProcess 26459 GreenThread-1 140473941734624
2019-07-26 00:43:24,355 DEBUG:EVENT ofp_event->RinformanceRoute EventOFPPortDescStatsReply app_manager.py 314  send_event() MainProcess 26459 GreenThread-1 140473941734624
2019-07-26 00:43:24,355 DEBUG:EVENT ofp_event->RinformanceRoute EventOFPEchoReply app_manager.py 314  send_event() MainProcess 26459 GreenThread-1 140473941734624
2019-07-26 00:43:24,525 DEBUG:Keyboard Interrupt received. Closing RYU application manager... manager.py 111  main() MainProcess 26459 MainThread 140474111561400
2019-07-26 00:44:19,712 DEBUG:dd  RR.py 31  <module>() MainProcess 26484 MainThread 140525770858168
2019-07-26 00:44:19,713 INFO:loading app ryu.controller.ofp_handler app_manager.py 413  load_apps() MainProcess 26484 MainThread 140525770858168
2019-07-26 00:44:19,714 INFO:instantiating app RR.py of RinformanceRoute app_manager.py 488  _instantiate() MainProcess 26484 MainThread 140525770858168
2019-07-26 00:44:19,715 INFO:instantiating app ryu.controller.ofp_handler of OFPHandler app_manager.py 488  _instantiate() MainProcess 26484 MainThread 140525770858168
2019-07-26 00:44:19,716 DEBUG:BRICK RinformanceRoute app_manager.py 473  _report_brick() MainProcess 26484 MainThread 140525770858168
2019-07-26 00:44:19,716 DEBUG:  CONSUMES EventOFPEchoReply app_manager.py 477  _report_brick() MainProcess 26484 MainThread 140525770858168
2019-07-26 00:44:19,716 DEBUG:  CONSUMES EventOFPEchoRequest app_manager.py 477  _report_brick() MainProcess 26484 MainThread 140525770858168
2019-07-26 00:44:19,716 DEBUG:  CONSUMES EventOFPPacketIn app_manager.py 477  _report_brick() MainProcess 26484 MainThread 140525770858168
2019-07-26 00:44:19,717 DEBUG:  CONSUMES EventOFPPortDescStatsReply app_manager.py 477  _report_brick() MainProcess 26484 MainThread 140525770858168
2019-07-26 00:44:19,717 DEBUG:  CONSUMES EventOFPPortStatsReply app_manager.py 477  _report_brick() MainProcess 26484 MainThread 140525770858168
2019-07-26 00:44:19,717 DEBUG:  CONSUMES EventOFPPortStatus app_manager.py 477  _report_brick() MainProcess 26484 MainThread 140525770858168
2019-07-26 00:44:19,717 DEBUG:  CONSUMES EventOFPStateChange app_manager.py 477  _report_brick() MainProcess 26484 MainThread 140525770858168
2019-07-26 00:44:19,717 DEBUG:  CONSUMES EventOFPSwitchFeatures app_manager.py 477  _report_brick() MainProcess 26484 MainThread 140525770858168
2019-07-26 00:44:19,717 DEBUG:  CONSUMES EventOFPErrorMsg app_manager.py 477  _report_brick() MainProcess 26484 MainThread 140525770858168
2019-07-26 00:44:19,718 DEBUG:BRICK ofp_event app_manager.py 473  _report_brick() MainProcess 26484 MainThread 140525770858168
2019-07-26 00:44:19,718 DEBUG:  PROVIDES EventOFPEchoReply TO {'RinformanceRoute': {'main', 'handshake', 'config'}} app_manager.py 475  _report_brick() MainProcess 26484 MainThread 140525770858168
2019-07-26 00:44:19,718 DEBUG:  PROVIDES EventOFPEchoRequest TO {'RinformanceRoute': {'main', 'handshake', 'config'}} app_manager.py 475  _report_brick() MainProcess 26484 MainThread 140525770858168
2019-07-26 00:44:19,718 DEBUG:  PROVIDES EventOFPPacketIn TO {'RinformanceRoute': {'main'}} app_manager.py 475  _report_brick() MainProcess 26484 MainThread 140525770858168
2019-07-26 00:44:19,718 DEBUG:  PROVIDES EventOFPPortDescStatsReply TO {'RinformanceRoute': {'main'}} app_manager.py 475  _report_brick() MainProcess 26484 MainThread 140525770858168
2019-07-26 00:44:19,718 DEBUG:  PROVIDES EventOFPPortStatsReply TO {'RinformanceRoute': {'main'}} app_manager.py 475  _report_brick() MainProcess 26484 MainThread 140525770858168
2019-07-26 00:44:19,719 DEBUG:  PROVIDES EventOFPPortStatus TO {'RinformanceRoute': {'main'}} app_manager.py 475  _report_brick() MainProcess 26484 MainThread 140525770858168
2019-07-26 00:44:19,719 DEBUG:  PROVIDES EventOFPStateChange TO {'RinformanceRoute': {'dead', 'main'}} app_manager.py 475  _report_brick() MainProcess 26484 MainThread 140525770858168
2019-07-26 00:44:19,719 DEBUG:  PROVIDES EventOFPSwitchFeatures TO {'RinformanceRoute': {'config'}} app_manager.py 475  _report_brick() MainProcess 26484 MainThread 140525770858168
2019-07-26 00:44:19,719 DEBUG:  PROVIDES EventOFPErrorMsg TO {'RinformanceRoute': {'main', 'handshake', 'config'}} app_manager.py 475  _report_brick() MainProcess 26484 MainThread 140525770858168
2019-07-26 00:44:19,719 DEBUG:  CONSUMES EventOFPEchoReply app_manager.py 477  _report_brick() MainProcess 26484 MainThread 140525770858168
2019-07-26 00:44:19,720 DEBUG:  CONSUMES EventOFPEchoRequest app_manager.py 477  _report_brick() MainProcess 26484 MainThread 140525770858168
2019-07-26 00:44:19,720 DEBUG:  CONSUMES EventOFPErrorMsg app_manager.py 477  _report_brick() MainProcess 26484 MainThread 140525770858168
2019-07-26 00:44:19,720 DEBUG:  CONSUMES EventOFPHello app_manager.py 477  _report_brick() MainProcess 26484 MainThread 140525770858168
2019-07-26 00:44:19,720 DEBUG:  CONSUMES EventOFPPortDescStatsReply app_manager.py 477  _report_brick() MainProcess 26484 MainThread 140525770858168
2019-07-26 00:44:19,720 DEBUG:  CONSUMES EventOFPPortStatus app_manager.py 477  _report_brick() MainProcess 26484 MainThread 140525770858168
2019-07-26 00:44:19,720 DEBUG:  CONSUMES EventOFPSwitchFeatures app_manager.py 477  _report_brick() MainProcess 26484 MainThread 140525770858168
2019-07-26 00:44:20,113 DEBUG:connected socket:<eventlet.greenio.base.GreenSocket object at 0x7fceaa8a30f0> address:('127.0.0.1', 36470) controller.py 533  datapath_connection_factory() MainProcess 26484 GreenThread-1 140525601179352
2019-07-26 00:44:20,114 DEBUG:hello ev <ryu.controller.ofp_event.EventOFPHello object at 0x7fceaa8a3748> ofp_handler.py 73  hello_handler() MainProcess 26484 GreenThread-1 140525601179352
2019-07-26 00:44:20,114 DEBUG:move onto config mode ofp_handler.py 188  hello_handler() MainProcess 26484 GreenThread-1 140525601179352
2019-07-26 00:44:20,115 DEBUG:connected socket:<eventlet.greenio.base.GreenSocket object at 0x7fceaa8a3320> address:('127.0.0.1', 36472) controller.py 533  datapath_connection_factory() MainProcess 26484 GreenThread-2 140525601179856
2019-07-26 00:44:20,117 DEBUG:hello ev <ryu.controller.ofp_event.EventOFPHello object at 0x7fceaa8a3cf8> ofp_handler.py 73  hello_handler() MainProcess 26484 GreenThread-2 140525601179856
2019-07-26 00:44:20,119 DEBUG:move onto config mode ofp_handler.py 188  hello_handler() MainProcess 26484 GreenThread-2 140525601179856
2019-07-26 00:44:20,124 DEBUG:EVENT ofp_event->RinformanceRoute EventOFPSwitchFeatures app_manager.py 314  send_event() MainProcess 26484 GreenThread-2 140525601179856
2019-07-26 00:44:20,125 DEBUG:switch features ev version=0x6,msg_type=0x6,msg_len=0x20,xid=0x6d771712,OFPSwitchFeatures(auxiliary_id=0,capabilities=591,datapath_id=2,n_buffers=0,n_tables=254) ofp_handler.py 199  switch_features_handler() MainProcess 26484 GreenThread-2 140525601179856
2019-07-26 00:44:20,128 DEBUG:EVENT ofp_event->RinformanceRoute EventOFPSwitchFeatures app_manager.py 314  send_event() MainProcess 26484 GreenThread-1 140525601179352
2019-07-26 00:44:20,129 DEBUG:switch features ev version=0x6,msg_type=0x6,msg_len=0x20,xid=0x43262ab9,OFPSwitchFeatures(auxiliary_id=0,capabilities=591,datapath_id=1,n_buffers=0,n_tables=254) ofp_handler.py 199  switch_features_handler() MainProcess 26484 GreenThread-1 140525601179352
2019-07-26 00:44:20,136 DEBUG:move onto main mode ofp_handler.py 231  multipart_reply_handler() MainProcess 26484 GreenThread-1 140525601179352
2019-07-26 00:44:20,136 DEBUG:EVENT ofp_event->RinformanceRoute EventOFPStateChange app_manager.py 314  send_event() MainProcess 26484 GreenThread-1 140525601179352
2019-07-26 00:44:20,137 DEBUG:EVENT ofp_event->RinformanceRoute EventOFPPortDescStatsReply app_manager.py 314  send_event() MainProcess 26484 GreenThread-1 140525601179352
2019-07-26 00:44:20,137 DEBUG:move onto main mode ofp_handler.py 231  multipart_reply_handler() MainProcess 26484 GreenThread-2 140525601179856
2019-07-26 00:44:20,138 DEBUG:EVENT ofp_event->RinformanceRoute EventOFPStateChange app_manager.py 314  send_event() MainProcess 26484 GreenThread-2 140525601179856
2019-07-26 00:44:20,139 DEBUG:EVENT ofp_event->RinformanceRoute EventOFPPortDescStatsReply app_manager.py 314  send_event() MainProcess 26484 GreenThread-2 140525601179856
2019-07-26 00:44:20,723 DEBUG:EVENT ofp_event->RinformanceRoute EventOFPPortStatsReply app_manager.py 314  send_event() MainProcess 26484 GreenThread-2 140525601179856
2019-07-26 00:44:20,723 DEBUG:EVENT ofp_event->RinformanceRoute EventOFPPortDescStatsReply app_manager.py 314  send_event() MainProcess 26484 GreenThread-2 140525601179856
2019-07-26 00:44:20,723 DEBUG:EVENT ofp_event->RinformanceRoute EventOFPEchoReply app_manager.py 314  send_event() MainProcess 26484 GreenThread-2 140525601179856
2019-07-26 00:44:20,724 DEBUG:EVENT ofp_event->RinformanceRoute EventOFPPortStatsReply app_manager.py 314  send_event() MainProcess 26484 GreenThread-1 140525601179352
2019-07-26 00:44:20,724 DEBUG:EVENT ofp_event->RinformanceRoute EventOFPPortDescStatsReply app_manager.py 314  send_event() MainProcess 26484 GreenThread-1 140525601179352
2019-07-26 00:44:20,725 DEBUG:EVENT ofp_event->RinformanceRoute EventOFPEchoReply app_manager.py 314  send_event() MainProcess 26484 GreenThread-1 140525601179352
2019-07-26 00:44:21,437 DEBUG:Keyboard Interrupt received. Closing RYU application manager... manager.py 111  main() MainProcess 26484 MainThread 140525770858168
2019-07-26 00:44:56,947 DEBUG:dd  RR.py 29  <module>() MainProcess 26499 MainThread 140309788793208
2019-07-26 00:45:02,641 DEBUG:dd  RR.py 29  <module>() MainProcess 26513 MainThread 139676901882904
2019-07-26 00:45:07,422 DEBUG:dd  RR.py 29  <module>() MainProcess 26520 MainThread 139901808160608
2019-07-26 00:45:07,423 INFO:loading app ryu.controller.ofp_handler app_manager.py 413  load_apps() MainProcess 26520 MainThread 139901808160608
2019-07-26 00:45:07,424 INFO:instantiating app RR.py of RinformanceRoute app_manager.py 488  _instantiate() MainProcess 26520 MainThread 139901808160608
2019-07-26 00:45:07,425 INFO:instantiating app ryu.controller.ofp_handler of OFPHandler app_manager.py 488  _instantiate() MainProcess 26520 MainThread 139901808160608
2019-07-26 00:45:07,426 DEBUG:BRICK RinformanceRoute app_manager.py 473  _report_brick() MainProcess 26520 MainThread 139901808160608
2019-07-26 00:45:07,426 DEBUG:  CONSUMES EventOFPEchoReply app_manager.py 477  _report_brick() MainProcess 26520 MainThread 139901808160608
2019-07-26 00:45:07,426 DEBUG:  CONSUMES EventOFPEchoRequest app_manager.py 477  _report_brick() MainProcess 26520 MainThread 139901808160608
2019-07-26 00:45:07,426 DEBUG:  CONSUMES EventOFPPacketIn app_manager.py 477  _report_brick() MainProcess 26520 MainThread 139901808160608
2019-07-26 00:45:07,426 DEBUG:  CONSUMES EventOFPPortDescStatsReply app_manager.py 477  _report_brick() MainProcess 26520 MainThread 139901808160608
2019-07-26 00:45:07,427 DEBUG:  CONSUMES EventOFPPortStatsReply app_manager.py 477  _report_brick() MainProcess 26520 MainThread 139901808160608
2019-07-26 00:45:07,427 DEBUG:  CONSUMES EventOFPPortStatus app_manager.py 477  _report_brick() MainProcess 26520 MainThread 139901808160608
2019-07-26 00:45:07,427 DEBUG:  CONSUMES EventOFPStateChange app_manager.py 477  _report_brick() MainProcess 26520 MainThread 139901808160608
2019-07-26 00:45:07,427 DEBUG:  CONSUMES EventOFPSwitchFeatures app_manager.py 477  _report_brick() MainProcess 26520 MainThread 139901808160608
2019-07-26 00:45:07,427 DEBUG:  CONSUMES EventOFPErrorMsg app_manager.py 477  _report_brick() MainProcess 26520 MainThread 139901808160608
2019-07-26 00:45:07,428 DEBUG:BRICK ofp_event app_manager.py 473  _report_brick() MainProcess 26520 MainThread 139901808160608
2019-07-26 00:45:07,428 DEBUG:  PROVIDES EventOFPEchoReply TO {'RinformanceRoute': {'config', 'main', 'handshake'}} app_manager.py 475  _report_brick() MainProcess 26520 MainThread 139901808160608
2019-07-26 00:45:07,428 DEBUG:  PROVIDES EventOFPEchoRequest TO {'RinformanceRoute': {'config', 'main', 'handshake'}} app_manager.py 475  _report_brick() MainProcess 26520 MainThread 139901808160608
2019-07-26 00:45:07,428 DEBUG:  PROVIDES EventOFPPacketIn TO {'RinformanceRoute': {'main'}} app_manager.py 475  _report_brick() MainProcess 26520 MainThread 139901808160608
2019-07-26 00:45:07,428 DEBUG:  PROVIDES EventOFPPortDescStatsReply TO {'RinformanceRoute': {'main'}} app_manager.py 475  _report_brick() MainProcess 26520 MainThread 139901808160608
2019-07-26 00:45:07,428 DEBUG:  PROVIDES EventOFPPortStatsReply TO {'RinformanceRoute': {'main'}} app_manager.py 475  _report_brick() MainProcess 26520 MainThread 139901808160608
2019-07-26 00:45:07,429 DEBUG:  PROVIDES EventOFPPortStatus TO {'RinformanceRoute': {'main'}} app_manager.py 475  _report_brick() MainProcess 26520 MainThread 139901808160608
2019-07-26 00:45:07,429 DEBUG:  PROVIDES EventOFPStateChange TO {'RinformanceRoute': {'dead', 'main'}} app_manager.py 475  _report_brick() MainProcess 26520 MainThread 139901808160608
2019-07-26 00:45:07,429 DEBUG:  PROVIDES EventOFPSwitchFeatures TO {'RinformanceRoute': {'config'}} app_manager.py 475  _report_brick() MainProcess 26520 MainThread 139901808160608
2019-07-26 00:45:07,429 DEBUG:  PROVIDES EventOFPErrorMsg TO {'RinformanceRoute': {'config', 'main', 'handshake'}} app_manager.py 475  _report_brick() MainProcess 26520 MainThread 139901808160608
2019-07-26 00:45:07,429 DEBUG:  CONSUMES EventOFPEchoReply app_manager.py 477  _report_brick() MainProcess 26520 MainThread 139901808160608
2019-07-26 00:45:07,429 DEBUG:  CONSUMES EventOFPEchoRequest app_manager.py 477  _report_brick() MainProcess 26520 MainThread 139901808160608
2019-07-26 00:45:07,430 DEBUG:  CONSUMES EventOFPErrorMsg app_manager.py 477  _report_brick() MainProcess 26520 MainThread 139901808160608
2019-07-26 00:45:07,430 DEBUG:  CONSUMES EventOFPHello app_manager.py 477  _report_brick() MainProcess 26520 MainThread 139901808160608
2019-07-26 00:45:07,430 DEBUG:  CONSUMES EventOFPPortDescStatsReply app_manager.py 477  _report_brick() MainProcess 26520 MainThread 139901808160608
2019-07-26 00:45:07,430 DEBUG:  CONSUMES EventOFPPortStatus app_manager.py 477  _report_brick() MainProcess 26520 MainThread 139901808160608
2019-07-26 00:45:07,430 DEBUG:  CONSUMES EventOFPSwitchFeatures app_manager.py 477  _report_brick() MainProcess 26520 MainThread 139901808160608
2019-07-26 00:45:08,113 DEBUG:connected socket:<eventlet.greenio.base.GreenSocket object at 0x7f3d637520b8> address:('127.0.0.1', 36734) controller.py 533  datapath_connection_factory() MainProcess 26520 GreenThread-1 139901638358912
2019-07-26 00:45:08,114 DEBUG:hello ev <ryu.controller.ofp_event.EventOFPHello object at 0x7f3d63752710> ofp_handler.py 73  hello_handler() MainProcess 26520 GreenThread-1 139901638358912
2019-07-26 00:45:08,115 DEBUG:move onto config mode ofp_handler.py 188  hello_handler() MainProcess 26520 GreenThread-1 139901638358912
2019-07-26 00:45:08,115 DEBUG:connected socket:<eventlet.greenio.base.GreenSocket object at 0x7f3d637522b0> address:('127.0.0.1', 36736) controller.py 533  datapath_connection_factory() MainProcess 26520 GreenThread-2 139901638359416
2019-07-26 00:45:08,116 DEBUG:hello ev <ryu.controller.ofp_event.EventOFPHello object at 0x7f3d63752cc0> ofp_handler.py 73  hello_handler() MainProcess 26520 GreenThread-2 139901638359416
2019-07-26 00:45:08,117 DEBUG:move onto config mode ofp_handler.py 188  hello_handler() MainProcess 26520 GreenThread-2 139901638359416
2019-07-26 00:45:08,119 DEBUG:EVENT ofp_event->RinformanceRoute EventOFPSwitchFeatures app_manager.py 314  send_event() MainProcess 26520 GreenThread-1 139901638358912
2019-07-26 00:45:08,120 DEBUG:switch features ev version=0x6,msg_type=0x6,msg_len=0x20,xid=0xc13f167e,OFPSwitchFeatures(auxiliary_id=0,capabilities=591,datapath_id=1,n_buffers=0,n_tables=254) ofp_handler.py 199  switch_features_handler() MainProcess 26520 GreenThread-1 139901638358912
2019-07-26 00:45:08,122 DEBUG:EVENT ofp_event->RinformanceRoute EventOFPSwitchFeatures app_manager.py 314  send_event() MainProcess 26520 GreenThread-2 139901638359416
2019-07-26 00:45:08,123 DEBUG:switch features ev version=0x6,msg_type=0x6,msg_len=0x20,xid=0x8c45e16c,OFPSwitchFeatures(auxiliary_id=0,capabilities=591,datapath_id=2,n_buffers=0,n_tables=254) ofp_handler.py 199  switch_features_handler() MainProcess 26520 GreenThread-2 139901638359416
2019-07-26 00:45:08,128 DEBUG:move onto main mode ofp_handler.py 231  multipart_reply_handler() MainProcess 26520 GreenThread-2 139901638359416
2019-07-26 00:45:08,129 DEBUG:EVENT ofp_event->RinformanceRoute EventOFPStateChange app_manager.py 314  send_event() MainProcess 26520 GreenThread-2 139901638359416
2019-07-26 00:45:08,130 DEBUG:EVENT ofp_event->RinformanceRoute EventOFPPortDescStatsReply app_manager.py 314  send_event() MainProcess 26520 GreenThread-2 139901638359416
2019-07-26 00:45:08,133 DEBUG:move onto main mode ofp_handler.py 231  multipart_reply_handler() MainProcess 26520 GreenThread-1 139901638358912
2019-07-26 00:45:08,135 DEBUG:EVENT ofp_event->RinformanceRoute EventOFPStateChange app_manager.py 314  send_event() MainProcess 26520 GreenThread-1 139901638358912
2019-07-26 00:45:08,136 DEBUG:EVENT ofp_event->RinformanceRoute EventOFPPortDescStatsReply app_manager.py 314  send_event() MainProcess 26520 GreenThread-1 139901638358912
2019-07-26 00:45:08,296 DEBUG:EVENT ofp_event->RinformanceRoute EventOFPPacketIn app_manager.py 314  send_event() MainProcess 26520 GreenThread-1 139901638358912
2019-07-26 00:45:08,300 DEBUG:EVENT ofp_event->RinformanceRoute EventOFPPacketIn app_manager.py 314  send_event() MainProcess 26520 GreenThread-2 139901638359416
2019-07-26 00:45:08,433 DEBUG:EVENT ofp_event->RinformanceRoute EventOFPPortStatsReply app_manager.py 314  send_event() MainProcess 26520 GreenThread-1 139901638358912
2019-07-26 00:45:08,433 DEBUG:EVENT ofp_event->RinformanceRoute EventOFPPortDescStatsReply app_manager.py 314  send_event() MainProcess 26520 GreenThread-1 139901638358912
2019-07-26 00:45:08,434 DEBUG:EVENT ofp_event->RinformanceRoute EventOFPEchoReply app_manager.py 314  send_event() MainProcess 26520 GreenThread-1 139901638358912
2019-07-26 00:45:08,434 DEBUG:EVENT ofp_event->RinformanceRoute EventOFPPortStatsReply app_manager.py 314  send_event() MainProcess 26520 GreenThread-2 139901638359416
2019-07-26 00:45:08,434 DEBUG:EVENT ofp_event->RinformanceRoute EventOFPPortDescStatsReply app_manager.py 314  send_event() MainProcess 26520 GreenThread-2 139901638359416
2019-07-26 00:45:08,435 DEBUG:EVENT ofp_event->RinformanceRoute EventOFPEchoReply app_manager.py 314  send_event() MainProcess 26520 GreenThread-2 139901638359416
2019-07-26 00:45:09,309 DEBUG:EVENT ofp_event->RinformanceRoute EventOFPPacketIn app_manager.py 314  send_event() MainProcess 26520 GreenThread-1 139901638358912
2019-07-26 00:45:09,310 DEBUG:EVENT ofp_event->RinformanceRoute EventOFPPacketIn app_manager.py 314  send_event() MainProcess 26520 GreenThread-2 139901638359416
2019-07-26 00:45:09,433 DEBUG:EVENT ofp_event->RinformanceRoute EventOFPPortStatsReply app_manager.py 314  send_event() MainProcess 26520 GreenThread-1 139901638358912
2019-07-26 00:45:09,434 DEBUG:EVENT ofp_event->RinformanceRoute EventOFPPortDescStatsReply app_manager.py 314  send_event() MainProcess 26520 GreenThread-1 139901638358912
2019-07-26 00:45:09,434 DEBUG:EVENT ofp_event->RinformanceRoute EventOFPEchoReply app_manager.py 314  send_event() MainProcess 26520 GreenThread-1 139901638358912
2019-07-26 00:45:09,435 DEBUG:EVENT ofp_event->RinformanceRoute EventOFPPortStatsReply app_manager.py 314  send_event() MainProcess 26520 GreenThread-2 139901638359416
2019-07-26 00:45:09,435 DEBUG:EVENT ofp_event->RinformanceRoute EventOFPPortDescStatsReply app_manager.py 314  send_event() MainProcess 26520 GreenThread-2 139901638359416
2019-07-26 00:45:09,436 DEBUG:EVENT ofp_event->RinformanceRoute EventOFPEchoReply app_manager.py 314  send_event() MainProcess 26520 GreenThread-2 139901638359416
2019-07-26 00:45:09,772 DEBUG:Keyboard Interrupt received. Closing RYU application manager... manager.py 111  main() MainProcess 26520 MainThread 139901808160608
2019-07-26 00:45:54,000 DEBUG:dd  RR.py 29  <module>() MainProcess 26529 MainThread 139773787502800
2019-07-26 00:46:08,739 DEBUG:dd  RR.py 29  <module>() MainProcess 26535 MainThread 139629688280624
2019-07-26 00:46:21,013 DEBUG:dd  RR.py 29  <module>() MainProcess 26542 MainThread 139880911448776
2019-07-26 00:47:32,024 DEBUG:dd  RR.py 32  <module>() MainProcess 26615 MainThread 139870766681616
2019-07-26 00:47:55,225 DEBUG:dd  RR.py 32  <module>() MainProcess 26728 MainThread 140204385189392
2019-07-26 00:48:39,564 DEBUG:dd  RR.py 32  <module>() MainProcess 27030 MainThread 139649589549600
2019-07-26 00:48:46,692 DEBUG:dd  RR.py 32  <module>() MainProcess 27046 MainThread 140277405132336
2019-07-26 01:12:07,301 DEBUG:dd  RR.py 32  <module>() MainProcess 28786 MainThread 140613446152032
2019-07-26 01:16:28,838 DEBUG:dd  RR.py 32  <module>() MainProcess 29145 MainThread 139905151714696
2019-07-26 01:16:44,818 DEBUG:dd  RR.py 32  <module>() MainProcess 29153 MainThread 139987647177112
2019-07-26 01:16:57,947 DEBUG:dd  RR.py 32  <module>() MainProcess 29163 MainThread 140351621483376
2019-07-26 01:17:14,134 DEBUG:dd  RR.py 32  <module>() MainProcess 29171 MainThread 139985334066872
2019-07-26 01:27:58,461 DEBUG:dd  RR.py 32  <module>() MainProcess 29405 MainThread 140101355998400
2019-07-26 01:32:52,394 DEBUG:dd  RR.py 32  <module>() MainProcess 29993 MainThread 140259872619712
2019-07-26 01:33:55,293 DEBUG:dd  RR.py 32  <module>() MainProcess 30062 MainThread 140063430780800
2019-07-26 01:34:11,339 DEBUG:dd  RR.py 32  <module>() MainProcess 30068 MainThread 140620082161704
2019-07-26 01:34:29,216 DEBUG:dd  RR.py 32  <module>() MainProcess 30077 MainThread 140620021405568
2019-07-26 01:34:39,844 DEBUG:dd  RR.py 32  <module>() MainProcess 30087 MainThread 140426330313448
2019-07-26 01:35:08,139 DEBUG:dd  RR.py 32  <module>() MainProcess 30107 MainThread 139664973357296
2019-07-26 01:36:09,940 DEBUG:dd  RR.py 32  <module>() MainProcess 30162 MainThread 140037621939728
2019-07-26 01:36:22,831 DEBUG:dd  RR.py 32  <module>() MainProcess 30205 MainThread 139633908988616
2019-07-26 02:45:00,929 DEBUG:dd  RR.py 32  <module>() MainProcess 32118 MainThread 140426404065352
2019-07-26 02:45:53,932 DEBUG:dd  RR.py 32  <module>() MainProcess 32412 MainThread 140286280790256
2019-07-26 02:46:32,414 DEBUG:dd  RR.py 32  <module>() MainProcess 32652 MainThread 139881608265568
2019-07-26 02:47:14,124 DEBUG:dd  RR.py 32  <module>() MainProcess 454 MainThread 140138422895000
2019-07-26 02:48:00,154 DEBUG:dd  RR.py 32  <module>() MainProcess 802 MainThread 140443782393696
2019-07-26 02:51:11,192 DEBUG:dd  RR.py 32  <module>() MainProcess 2111 MainThread 139786391051120
2019-07-26 02:51:41,355 DEBUG:dd  RR.py 32  <module>() MainProcess 2169 MainThread 139891477831016
2019-07-26 02:57:51,878 DEBUG:dd  RR.py 32  <module>() MainProcess 2900 MainThread 139977771554016
2019-07-26 02:58:29,231 DEBUG:dd  RR.py 32  <module>() MainProcess 3250 MainThread 139675021106368
2019-07-26 02:59:16,655 DEBUG:dd  RR.py 32  <module>() MainProcess 3511 MainThread 139795552110128
2019-07-26 02:59:30,049 DEBUG:dd  RR.py 32  <module>() MainProcess 3520 MainThread 140218885000552
2019-07-26 03:00:02,706 DEBUG:dd  RR.py 32  <module>() MainProcess 3544 MainThread 139940314306264
2019-07-26 03:01:20,200 DEBUG:dd  RR.py 32  <module>() MainProcess 3649 MainThread 139923543087648
2019-07-26 03:01:39,792 DEBUG:dd  RR.py 32  <module>() MainProcess 3881 MainThread 140665538619936
2019-07-26 03:03:04,602 DEBUG:dd  RR.py 32  <module>() MainProcess 4134 MainThread 140642289483848
2019-07-26 03:03:53,399 DEBUG:dd  RR.py 32  <module>() MainProcess 4422 MainThread 140227944402280
2019-07-26 03:04:41,396 DEBUG:dd  RR.py 32  <module>() MainProcess 4706 MainThread 139974691575848
2019-07-26 03:05:22,105 DEBUG:dd  RR.py 32  <module>() MainProcess 4963 MainThread 140711420291616
2019-07-26 03:06:02,281 DEBUG:dd  RR.py 32  <module>() MainProcess 5204 MainThread 140244453035872
2019-07-26 03:06:39,846 DEBUG:dd  RR.py 32  <module>() MainProcess 5280 MainThread 140556593410288
2019-07-26 03:07:18,990 DEBUG:dd  RR.py 32  <module>() MainProcess 5294 MainThread 140197638022872
2019-07-26 03:08:18,993 DEBUG:dd  RR.py 32  <module>() MainProcess 5551 MainThread 140522315694488
2019-07-26 03:09:06,357 DEBUG:dd  RR.py 32  <module>() MainProcess 5797 MainThread 140330367126720
2019-07-26 03:10:18,770 DEBUG:dd  RR.py 32  <module>() MainProcess 5886 MainThread 140661670977040
2019-07-26 03:10:33,326 DEBUG:dd  RR.py 32  <module>() MainProcess 5893 MainThread 140624977781816
2019-07-26 03:11:34,099 DEBUG:dd  RR.py 32  <module>() MainProcess 6132 MainThread 140103024607072
2019-07-26 03:17:37,953 DEBUG:dd  RR.py 32  <module>() MainProcess 8016 MainThread 140500355045080
2019-07-26 03:29:17,323 DEBUG:dd  RR.py 32  <module>() MainProcess 9767 MainThread 140377515481800
2019-07-26 12:13:51,073 DEBUG:dd  RR.py 32  <module>() MainProcess 18349 MainThread 140653604698320
2019-07-26 12:14:42,355 DEBUG:dd  RR.py 32  <module>() MainProcess 18396 MainThread 139625317730344
2019-07-26 12:15:23,818 DEBUG:dd  RR.py 32  <module>() MainProcess 18425 MainThread 140601583939088
2019-07-26 12:16:26,730 DEBUG:dd  RR.py 32  <module>() MainProcess 18593 MainThread 139730187664744
2019-07-26 12:17:34,851 DEBUG:dd  RR.py 32  <module>() MainProcess 18909 MainThread 139907627132632
2019-07-26 12:23:00,419 DEBUG:dd  RR.py 32  <module>() MainProcess 19039 MainThread 140445001205128
2019-07-26 12:23:09,103 DEBUG:dd  RR.py 32  <module>() MainProcess 19045 MainThread 140621818977136
2019-07-26 12:23:56,292 DEBUG:dd  RR.py 32  <module>() MainProcess 19319 MainThread 140595261547744
2019-07-26 12:50:41,736 DEBUG:dd  RR.py 32  <module>() MainProcess 20699 MainThread 139987698582752
2019-07-26 12:52:26,776 DEBUG:dd  RR.py 32  <module>() MainProcess 20823 MainThread 140248150110784
2019-07-26 12:52:47,738 DEBUG:dd  RR.py 32  <module>() MainProcess 20835 MainThread 140381489183768
2019-07-26 12:53:05,842 DEBUG:dd  RR.py 32  <module>() MainProcess 20843 MainThread 140551357937704
2019-07-26 13:08:13,974 DEBUG:dd  RR.py 32  <module>() MainProcess 21317 MainThread 139963980125576
2019-07-26 15:02:14,522 DEBUG:dd  RR.py 32  <module>() MainProcess 24305 MainThread 139769800381664
2019-07-26 15:03:44,325 DEBUG:dd  RR.py 32  <module>() MainProcess 24335 MainThread 140179757514592
2019-07-26 15:04:19,333 DEBUG:dd  RR.py 32  <module>() MainProcess 24346 MainThread 139662800942640
2019-07-26 15:06:20,861 DEBUG:dd  RR.py 32  <module>() MainProcess 24413 MainThread 140366562746608
2019-07-26 15:06:32,517 DEBUG:dd  RR.py 32  <module>() MainProcess 24419 MainThread 140270195421424
2019-07-26 15:07:47,749 DEBUG:dd  RR.py 32  <module>() MainProcess 24710 MainThread 139772836628520
2019-07-26 15:07:55,218 DEBUG:dd  RR.py 32  <module>() MainProcess 24717 MainThread 140381583655320
2019-07-26 15:09:26,552 DEBUG:dd  RR.py 32  <module>() MainProcess 25081 MainThread 140510543376056
2019-07-26 15:10:39,699 DEBUG:dd  RR.py 32  <module>() MainProcess 25447 MainThread 140527143836192
2019-07-26 15:12:54,653 DEBUG:dd  RR.py 32  <module>() MainProcess 25538 MainThread 140550402186096
2019-07-26 20:24:27,929 DEBUG:dd  RR.py 32  <module>() MainProcess 6672 MainThread 140481653627424
2019-07-26 20:27:33,444 DEBUG:dd  RR.py 32  <module>() MainProcess 6727 MainThread 140536151977488
2019-07-26 20:31:52,678 DEBUG:dd  RR.py 32  <module>() MainProcess 6809 MainThread 139917677332016
2019-07-26 20:32:12,836 DEBUG:dd  RR.py 32  <module>() MainProcess 6817 MainThread 139837192795360
2019-07-26 20:32:36,774 DEBUG:dd  RR.py 32  <module>() MainProcess 6829 MainThread 140228042710544
2019-07-26 20:33:32,261 DEBUG:dd  RR.py 32  <module>() MainProcess 6845 MainThread 140061118920408
2019-07-26 20:34:16,637 DEBUG:dd  RR.py 32  <module>() MainProcess 6869 MainThread 140308951754624
2019-07-26 20:34:43,681 DEBUG:dd  RR.py 32  <module>() MainProcess 6906 MainThread 139879433723408
2019-07-26 20:35:30,229 DEBUG:dd  RR.py 32  <module>() MainProcess 6918 MainThread 140370401833032
2019-07-26 20:35:59,100 DEBUG:dd  RR.py 32  <module>() MainProcess 6932 MainThread 140542225218584
2019-07-26 20:36:25,256 DEBUG:dd  RR.py 32  <module>() MainProcess 6944 MainThread 140553261615144
2019-07-26 21:39:56,797 DEBUG:dd  RR.py 32  <module>() MainProcess 9112 MainThread 139736833350344
2019-07-26 21:43:05,876 DEBUG:dd  RR.py 32  <module>() MainProcess 9168 MainThread 139701081885552
2019-07-26 21:43:44,463 DEBUG:dd  RR.py 32  <module>() MainProcess 9180 MainThread 139759229639872
2019-07-26 21:45:01,198 DEBUG:dd  RR.py 32  <module>() MainProcess 9220 MainThread 140475415239704
2019-07-26 21:46:12,358 DEBUG:dd  RR.py 32  <module>() MainProcess 9232 MainThread 140218636107112
2019-07-26 21:47:41,489 DEBUG:dd  RR.py 32  <module>() MainProcess 9281 MainThread 140095619628896
2019-07-26 21:48:22,572 DEBUG:dd  RR.py 32  <module>() MainProcess 9294 MainThread 140196842667200
2019-07-26 21:50:59,367 DEBUG:dd  RR.py 32  <module>() MainProcess 9353 MainThread 139737733238120
2019-07-26 23:08:43,389 DEBUG:dd  RR.py 32  <module>() MainProcess 10831 MainThread 140594373018008
2019-07-26 23:09:06,934 DEBUG:dd  RR.py 32  <module>() MainProcess 10843 MainThread 140148805184200
2019-07-26 23:10:36,924 DEBUG:dd  RR.py 32  <module>() MainProcess 10884 MainThread 139930547655904
2019-07-26 23:12:17,146 DEBUG:dd  RR.py 32  <module>() MainProcess 10924 MainThread 140218680086600
2019-07-26 23:21:01,170 DEBUG:dd  RR.py 32  <module>() MainProcess 11197 MainThread 139735082658672
2019-07-26 23:21:35,902 DEBUG:dd  RR.py 32  <module>() MainProcess 11204 MainThread 140021917993168
2019-07-26 23:22:23,482 DEBUG:dd  RR.py 32  <module>() MainProcess 11223 MainThread 140451062095712
2019-07-26 23:22:53,445 DEBUG:dd  RR.py 32  <module>() MainProcess 11247 MainThread 139909293032504
2019-07-26 23:26:52,597 DEBUG:dd  RR.py 32  <module>() MainProcess 11506 MainThread 140464070953504
2019-07-26 23:35:17,448 DEBUG:dd  RR.py 32  <module>() MainProcess 12076 MainThread 139948582416456
2019-07-26 23:35:30,955 DEBUG:dd  RR.py 32  <module>() MainProcess 12084 MainThread 140395793133976
2019-07-26 23:40:42,021 DEBUG:dd  RR.py 32  <module>() MainProcess 12262 MainThread 139898219958848
2019-07-26 23:41:07,877 DEBUG:dd  RR.py 32  <module>() MainProcess 12290 MainThread 139795425254088
2019-07-26 23:41:37,504 DEBUG:dd  RR.py 32  <module>() MainProcess 12301 MainThread 140596917530864
2019-07-26 23:44:12,929 DEBUG:dd  RR.py 32  <module>() MainProcess 12496 MainThread 140454147923808
2019-07-26 23:45:13,907 DEBUG:dd  RR.py 32  <module>() MainProcess 12511 MainThread 140478516932448
2019-07-26 23:46:04,117 DEBUG:dd  RR.py 32  <module>() MainProcess 12532 MainThread 140041966104984
2019-07-26 23:48:13,488 DEBUG:dd  RR.py 32  <module>() MainProcess 12598 MainThread 140497584495304
2019-07-26 23:55:51,689 DEBUG:dd  RR.py 32  <module>() MainProcess 12775 MainThread 140043469457448
2019-07-26 23:57:30,788 DEBUG:dd  RR.py 32  <module>() MainProcess 13063 MainThread 140646879417736
2019-07-27 00:07:48,718 DEBUG:dd  RR.py 32  <module>() MainProcess 13467 MainThread 140127563832344
2019-07-27 00:08:33,003 DEBUG:dd  RR.py 32  <module>() MainProcess 13709 MainThread 139702915536936
2019-07-27 00:49:50,331 DEBUG:dd  RR.py 32  <module>() MainProcess 14353 MainThread 140315605816880
2019-07-27 00:50:07,979 DEBUG:dd  RR.py 32  <module>() MainProcess 14364 MainThread 140188799202528
2019-07-27 00:51:57,989 DEBUG:dd  RR.py 32  <module>() MainProcess 14400 MainThread 140392634602552
2019-07-27 00:52:50,179 DEBUG:dd  RR.py 32  <module>() MainProcess 14427 MainThread 140549798581304
2019-07-27 00:55:24,882 DEBUG:dd  RR.py 32  <module>() MainProcess 14498 MainThread 139852754950016
2019-07-27 00:55:24,884 DEBUG:dd  RR.py 32  <module>() MainProcess 14498 MainThread 139852754950016
2019-07-27 00:55:24,884 DEBUG:dd  RR.py 32  <module>() MainProcess 14498 MainThread 139852754950016
2019-07-27 00:58:20,351 DEBUG:dd  RR.py 32  <module>() MainProcess 14559 MainThread 139994154497584
2019-07-27 00:58:20,353 DEBUG:dd  RR.py 32  <module>() MainProcess 14559 MainThread 139994154497584
2019-07-27 00:58:20,353 DEBUG:dd  RR.py 32  <module>() MainProcess 14559 MainThread 139994154497584
2019-07-27 00:58:36,445 DEBUG:dd  RR.py 32  <module>() MainProcess 14566 MainThread 139737286192152
2019-07-27 00:59:16,131 DEBUG:dd  RR.py 32  <module>() MainProcess 14587 MainThread 140658795796016
2019-07-27 01:20:43,740 DEBUG:dd  RR.py 32  <module>() MainProcess 15903 MainThread 140050458590232
2019-07-27 01:23:12,016 DEBUG:dd  RR.py 32  <module>() MainProcess 15958 MainThread 140027024653504
2019-07-27 01:23:30,586 DEBUG:dd  RR.py 32  <module>() MainProcess 15967 MainThread 140305980606504
2019-07-27 01:28:30,243 DEBUG:dd  RR.py 32  <module>() MainProcess 16197 MainThread 139880114486632
